[2025-10-25T14:51:12.033Z] [ACCESS] GET /api/cake - IP: ::1
[2025-10-25T14:51:31.523Z] [ACCESS] GET /api/reviews - IP: ::1
[2025-10-25T14:51:31.528Z] [ACCESS] GET /api/cake - IP: ::1
[2025-10-25T14:51:31.650Z] [ACCESS] GET /api/cart - IP: ::1
[2025-10-25T14:51:31.666Z] [ACCESS] GET /api/cake - IP: ::1
[2025-10-25T14:51:31.675Z] [ACCESS] GET /api/reviews - IP: ::1
[2025-10-25T14:51:31.690Z] [ACCESS] GET /api/cart - IP: ::1
[2025-10-25T14:51:31.711Z] [ACCESS] GET /uploads/1761403474353.jpg - IP: ::1
[2025-10-25T14:51:31.817Z] [ACCESS] GET /api/cart - IP: ::1
[2025-10-25T14:51:31.836Z] [ACCESS] GET /api/admin/top-products - IP: ::1
[2025-10-25T14:51:31.841Z] [ACCESS] GET /api/admin/stats - IP: ::1
[2025-10-25T14:51:31.846Z] [ACCESS] GET /api/admin/users-stats - IP: ::1
[2025-10-25T14:51:31.850Z] [ACCESS] GET /api/admin/recent-orders - IP: ::1
[2025-10-25T14:51:31.853Z] [ACCESS] GET /api/admin/orders-stats - IP: ::1
[2025-10-25T14:51:31.914Z] [ACCESS] GET /api/admin/top-products - IP: ::1
[2025-10-25T14:51:32.001Z] [ACCESS] GET /api/admin/stats - IP: ::1
[2025-10-25T14:51:32.009Z] [ACCESS] GET /api/admin/recent-orders - IP: ::1
[2025-10-25T14:51:32.081Z] [ACCESS] GET /api/admin/orders-stats - IP: ::1
[2025-10-25T14:51:32.088Z] [ACCESS] GET /api/admin/users-stats - IP: ::1
[2025-10-25T14:51:36.809Z] [ACCESS] GET /api/cart - IP: ::1
[2025-10-25T14:51:37.274Z] [ACCESS] GET /api/cart - IP: ::1
[2025-10-25T14:51:39.371Z] [ACCESS] GET /api/reviews - IP: ::1
[2025-10-25T14:51:39.374Z] [ACCESS] GET /api/cake - IP: ::1
[2025-10-25T14:51:39.380Z] [ACCESS] GET /api/cart - IP: ::1
[2025-10-25T14:51:39.386Z] [ACCESS] GET /api/cake - IP: ::1
[2025-10-25T14:51:39.399Z] [ACCESS] GET /uploads/1761403474353.jpg - IP: ::1
[2025-10-25T14:51:39.403Z] [ACCESS] GET /api/cart - IP: ::1
[2025-10-25T14:51:39.410Z] [ACCESS] GET /api/reviews - IP: ::1
[2025-10-25T14:51:41.168Z] [ACCESS] GET /api/admin/stats - IP: ::1
[2025-10-25T14:51:41.173Z] [ACCESS] GET /api/admin/orders-stats - IP: ::1
[2025-10-25T14:51:41.176Z] [ACCESS] GET /api/admin/top-products - IP: ::1
[2025-10-25T14:51:41.180Z] [ACCESS] GET /api/admin/recent-orders - IP: ::1
[2025-10-25T14:51:41.182Z] [ACCESS] GET /api/admin/users-stats - IP: ::1
[2025-10-25T14:51:41.193Z] [ACCESS] GET /api/admin/stats - IP: ::1
[2025-10-25T14:51:41.199Z] [ACCESS] GET /api/admin/orders-stats - IP: ::1
[2025-10-25T14:51:41.202Z] [ACCESS] GET /api/admin/top-products - IP: ::1
[2025-10-25T14:51:41.205Z] [ACCESS] GET /api/admin/recent-orders - IP: ::1
[2025-10-25T14:51:41.210Z] [ACCESS] GET /api/admin/users-stats - IP: ::1
[2025-10-25T14:51:41.804Z] [ACCESS] GET /api/cart - IP: ::1
[2025-10-25T14:51:42.274Z] [ACCESS] GET /api/cart - IP: ::1
[2025-10-25T14:51:47.264Z] [ACCESS] GET /api/cart - IP: ::1
[2025-10-25T14:51:47.290Z] [ACCESS] GET /api/cart - IP: ::1
[2025-10-25T14:51:52.270Z] [ACCESS] GET /api/cart - IP: ::1
[2025-10-25T14:51:52.279Z] [ACCESS] GET /api/cart - IP: ::1
[2025-10-25T14:51:57.272Z] [ACCESS] GET /api/cart - IP: ::1
[2025-10-25T14:51:57.276Z] [ACCESS] GET /api/cart - IP: ::1
[2025-10-25T14:52:02.259Z] [ACCESS] GET /api/cart - IP: ::1
[2025-10-25T14:52:02.268Z] [ACCESS] GET /api/cart - IP: ::1
[2025-10-25T14:52:07.266Z] [ACCESS] GET /api/cart - IP: ::1
[2025-10-25T14:52:07.269Z] [ACCESS] GET /api/cart - IP: ::1
[2025-10-25T14:52:12.266Z] [ACCESS] GET /api/cart - IP: ::1
[2025-10-25T14:52:12.274Z] [ACCESS] GET /api/cart - IP: ::1
[2025-10-25T14:52:17.273Z] [ACCESS] GET /api/cart - IP: ::1
[2025-10-25T14:52:17.275Z] [ACCESS] GET /api/cart - IP: ::1
[2025-10-25T14:52:22.265Z] [ACCESS] GET /api/cart - IP: ::1
[2025-10-25T14:52:22.269Z] [ACCESS] GET /api/cart - IP: ::1
[2025-10-25T14:52:27.261Z] [ACCESS] GET /api/cart - IP: ::1
[2025-10-25T14:52:27.265Z] [ACCESS] GET /api/cart - IP: ::1
[2025-10-25T14:52:31.804Z] [ACCESS] GET /api/cart - IP: ::1
[2025-10-25T14:52:32.276Z] [ACCESS] GET /api/cart - IP: ::1
[2025-10-25T14:52:32.502Z] [ACCESS] GET /api/reviews - IP: ::1
[2025-10-25T14:52:32.510Z] [ACCESS] GET /api/cake - IP: ::1
[2025-10-25T14:52:32.518Z] [ACCESS] GET /api/reviews - IP: ::1
[2025-10-25T14:52:32.520Z] [ACCESS] GET /api/cart - IP: ::1
[2025-10-25T14:52:32.531Z] [ACCESS] GET /api/cake - IP: ::1
[2025-10-25T14:52:32.540Z] [ACCESS] GET /api/cart - IP: ::1
[2025-10-25T14:52:32.554Z] [ACCESS] GET /uploads/1761403474353.jpg - IP: ::1
[2025-10-25T14:52:34.046Z] [ACCESS] POST /api/cart - IP: ::1
[2025-10-25T14:52:36.067Z] [ACCESS] POST /api/cart - IP: ::1
[2025-10-25T14:52:36.813Z] [ACCESS] GET /api/cart - IP: ::1
[2025-10-25T14:52:37.274Z] [ACCESS] GET /api/cart - IP: ::1
[2025-10-25T14:52:37.736Z] [ACCESS] GET /api/cart - IP: ::1
[2025-10-25T14:52:38.929Z] [ACCESS] GET /api/admin/stats - IP: ::1
[2025-10-25T14:52:38.937Z] [ACCESS] GET /api/admin/orders-stats - IP: ::1
[2025-10-25T14:52:38.947Z] [ACCESS] GET /api/admin/recent-orders - IP: ::1
[2025-10-25T14:52:38.950Z] [ACCESS] GET /api/admin/top-products - IP: ::1
[2025-10-25T14:52:38.952Z] [ACCESS] GET /api/admin/users-stats - IP: ::1
[2025-10-25T14:52:38.983Z] [ACCESS] GET /api/admin/stats - IP: ::1
[2025-10-25T14:52:38.989Z] [ACCESS] GET /api/admin/orders-stats - IP: ::1
[2025-10-25T14:52:38.994Z] [ACCESS] GET /api/admin/recent-orders - IP: ::1
[2025-10-25T14:52:39.000Z] [ACCESS] GET /api/admin/users-stats - IP: ::1
[2025-10-25T14:52:39.005Z] [ACCESS] GET /api/admin/top-products - IP: ::1
[2025-10-25T14:52:41.815Z] [ACCESS] GET /api/cart - IP: ::1
[2025-10-25T14:52:42.281Z] [ACCESS] GET /api/cart - IP: ::1
[2025-10-25T14:52:47.275Z] [ACCESS] GET /api/cart - IP: ::1
[2025-10-25T14:52:51.848Z] [ACCESS] POST /api/auth/register - IP: ::1
[2025-10-25T14:52:52.274Z] [ACCESS] GET /api/cart - IP: ::1
[2025-10-25T14:52:57.286Z] [ACCESS] GET /api/cart - IP: ::1
[2025-10-25T14:52:58.367Z] [ACCESS] POST /api/auth/login - IP: ::1
[2025-10-25T14:52:58.518Z] [ACCESS] GET /api/cart - IP: ::1
[2025-10-25T14:52:58.524Z] [ACCESS] GET /api/reviews - IP: ::1
[2025-10-25T14:52:58.527Z] [ACCESS] GET /api/cake - IP: ::1
[2025-10-25T14:52:58.543Z] [ACCESS] GET /api/cart - IP: ::1
[2025-10-25T14:52:58.554Z] [ACCESS] GET /api/reviews - IP: ::1
[2025-10-25T14:52:58.557Z] [ACCESS] GET /api/cake - IP: ::1
[2025-10-25T14:52:58.570Z] [ACCESS] GET /api/cart - IP: ::1
[2025-10-25T14:52:58.584Z] [ACCESS] GET /uploads/1761403474353.jpg - IP: ::1
[2025-10-25T14:53:00.404Z] [ACCESS] GET /api/admin/stats - IP: ::1
[2025-10-25T14:53:00.411Z] [ACCESS] GET /api/admin/top-products - IP: ::1
[2025-10-25T14:53:00.414Z] [ACCESS] GET /api/admin/orders-stats - IP: ::1
[2025-10-25T14:54:52.283Z] [ACCESS] GET /api/cart - IP: ::1
[2025-10-25T14:54:57.269Z] [ACCESS] GET /api/cart - IP: ::1
[2025-10-25T14:55:02.081Z] [ACCESS] GET /api/cake - IP: ::1
[2025-10-25T14:55:02.275Z] [ACCESS] GET /api/cart - IP: ::1
[2025-10-25T14:55:07.265Z] [ACCESS] GET /api/cart - IP: ::1
[2025-10-25T14:55:12.273Z] [ACCESS] GET /api/cart - IP: ::1
[2025-10-25T14:55:13.171Z] [ACCESS] GET /api/reviews - IP: ::1
[2025-10-25T14:55:13.179Z] [ACCESS] GET /api/cake - IP: ::1
[2025-10-25T14:55:13.215Z] [ACCESS] GET /api/cart - IP: ::1
[2025-10-25T14:55:13.244Z] [ACCESS] GET /api/cart - IP: ::1
[2025-10-25T14:55:13.443Z] [ACCESS] GET /api/reviews - IP: ::1
[2025-10-25T14:55:13.451Z] [ACCESS] GET /api/cake - IP: ::1
[2025-10-25T14:55:13.518Z] [ACCESS] GET /uploads/1761403474353.jpg - IP: ::1
[2025-10-25T14:55:13.633Z] [ACCESS] GET /api/reviews - IP: ::1
[2025-10-25T14:55:13.642Z] [ACCESS] GET /api/cake - IP: ::1
[2025-10-25T14:55:13.665Z] [ACCESS] GET /api/reviews - IP: ::1
[2025-10-25T14:55:13.671Z] [ACCESS] GET /api/cake - IP: ::1
[2025-10-25T14:55:13.952Z] [ACCESS] GET /api/cart - IP: ::1
[2025-10-25T14:55:13.991Z] [ACCESS] GET /api/cart - IP: ::1
[2025-10-25T14:55:13.999Z] [ACCESS] GET /uploads/1761403474353.jpg - IP: ::1
[2025-10-25T14:55:17.292Z] [ACCESS] GET /api/cart - IP: ::1
[2025-10-25T14:55:18.203Z] [ACCESS] GET /api/cart - IP: ::1
[2025-10-25T14:55:18.952Z] [ACCESS] GET /api/cart - IP: ::1
[2025-10-25T14:55:18.979Z] [ACCESS] GET /api/admin/stats - IP: ::1
[2025-10-25T14:55:18.986Z] [ACCESS] GET /api/admin/top-products - IP: ::1
[2025-10-25T14:55:18.993Z] [ACCESS] GET /api/admin/orders-stats - IP: ::1
[2025-10-25T14:55:18.997Z] [ACCESS] GET /api/admin/users-stats - IP: ::1
[2025-10-25T14:55:19.047Z] [ACCESS] GET /api/admin/stats - IP: ::1
[2025-10-25T14:55:19.057Z] [ACCESS] GET /api/admin/orders-stats - IP: ::1
[2025-10-25T14:55:19.065Z] [ACCESS] GET /api/admin/users-stats - IP: ::1
[2025-10-25T14:55:19.087Z] [ACCESS] GET /api/admin/top-products - IP: ::1
[2025-10-25T14:55:24.273Z] [ACCESS] GET /api/cart - IP: ::1
[2025-10-25T14:55:29.271Z] [ACCESS] GET /api/cart - IP: ::1
[2025-10-25T14:55:34.272Z] [ACCESS] GET /api/cart - IP: ::1
[2025-10-25T14:55:39.271Z] [ACCESS] GET /api/cart - IP: ::1
[2025-10-25T14:55:44.268Z] [ACCESS] GET /api/cart - IP: ::1
[2025-10-25T14:55:49.279Z] [ACCESS] GET /api/cart - IP: ::1
[2025-10-25T14:55:53.943Z] [ACCESS] GET /api/cart - IP: ::1
[2025-10-25T14:55:58.951Z] [ACCESS] GET /api/cart - IP: ::1
[2025-10-25T14:56:04.277Z] [ACCESS] GET /api/cart - IP: ::1
[2025-10-25T14:56:09.262Z] [ACCESS] GET /api/cart - IP: ::1
[2025-10-25T14:56:14.275Z] [ACCESS] GET /api/cart - IP: ::1
[2025-10-25T14:56:19.264Z] [ACCESS] GET /api/cart - IP: ::1
[2025-10-25T14:56:24.269Z] [ACCESS] GET /api/cart - IP: ::1
[2025-10-25T14:56:29.264Z] [ACCESS] GET /api/cart - IP: ::1
[2025-10-25T14:56:33.953Z] [ACCESS] GET /api/cart - IP: ::1
[2025-10-25T14:56:39.279Z] [ACCESS] GET /api/cart - IP: ::1
[2025-10-25T14:56:44.261Z] [ACCESS] GET /api/cart - IP: ::1
[2025-10-25T14:56:49.270Z] [ACCESS] GET /api/cart - IP: ::1
[2025-10-25T14:56:54.260Z] [ACCESS] GET /api/cart - IP: ::1
[2025-10-25T14:56:59.273Z] [ACCESS] GET /api/cart - IP: ::1
[2025-10-25T14:57:04.265Z] [ACCESS] GET /api/cart - IP: ::1
[2025-10-25T14:57:09.273Z] [ACCESS] GET /api/admin/stats - IP: ::1
[2025-10-25T14:57:09.282Z] [ACCESS] GET /api/admin/top-products - IP: ::1
[2025-10-25T14:57:09.287Z] [ACCESS] GET /api/admin/users-stats - IP: ::1
[2025-10-25T14:57:09.291Z] [ACCESS] GET /api/cart - IP: ::1
[2025-10-25T14:57:09.295Z] [ACCESS] GET /api/admin/orders-stats - IP: ::1
[2025-10-25T14:57:14.267Z] [ACCESS] GET /api/cart - IP: ::1
[2025-10-25T14:57:19.271Z] [ACCESS] GET /api/cart - IP: ::1
[2025-10-25T14:57:24.273Z] [ACCESS] GET /api/cart - IP: ::1
[2025-10-25T14:57:29.277Z] [ACCESS] GET /api/cart - IP: ::1
[2025-10-25T14:57:34.265Z] [ACCESS] GET /api/cart - IP: ::1
[2025-10-25T14:57:41.429Z] [ACCESS] GET /api/cart - IP: ::1
[2025-10-25T14:57:43.386Z] [ACCESS] GET /api/cart - IP: ::1
[2025-10-25T14:57:43.425Z] [ACCESS] GET /api/admin/stats - IP: ::1
[2025-10-25T14:57:43.434Z] [ACCESS] GET /api/admin/users-stats - IP: ::1
[2025-10-25T14:57:43.438Z] [ACCESS] GET /api/admin/top-products - IP: ::1
[2025-10-25T14:57:43.441Z] [ACCESS] GET /api/admin/all-users - IP: ::1
[2025-10-25T14:57:43.444Z] [ACCESS] GET /api/admin/orders-stats - IP: ::1
[2025-10-25T14:57:43.473Z] [ACCESS] GET /api/admin/all-users - IP: ::1
[2025-10-25T14:57:43.489Z] [ACCESS] GET /api/admin/stats - IP: ::1
[2025-10-25T14:57:43.506Z] [ACCESS] GET /api/admin/top-products - IP: ::1
[2025-10-25T14:57:43.514Z] [ACCESS] GET /api/admin/orders-stats - IP: ::1
[2025-10-25T14:57:43.521Z] [ACCESS] GET /api/admin/users-stats - IP: ::1
[2025-10-25T14:57:45.364Z] [ACCESS] GET /api/cake - IP: ::1
[2025-10-25T14:57:49.271Z] [ACCESS] GET /api/cart - IP: ::1
[2025-10-25T14:57:54.849Z] [ACCESS] GET /api/cart - IP: ::ffff:127.0.0.1
[2025-10-25T14:57:59.266Z] [ACCESS] GET /api/cart - IP: ::ffff:127.0.0.1
[2025-10-25T14:58:03.401Z] [ACCESS] GET /api/cart - IP: ::ffff:127.0.0.1
[2025-10-25T14:58:08.401Z] [ACCESS] GET /api/cart - IP: ::ffff:127.0.0.1
[2025-10-25T14:58:12.891Z] [ACCESS] GET /api/cart - IP: ::ffff:127.0.0.1
[2025-10-25T14:58:12.921Z] [ACCESS] GET /api/admin/stats - IP: ::1
[2025-10-25T14:58:12.928Z] [ACCESS] GET /api/admin/orders-stats - IP: ::ffff:127.0.0.1
[2025-10-25T14:58:12.932Z] [ACCESS] GET /api/admin/users-stats - IP: ::ffff:127.0.0.1
[2025-10-25T14:58:12.935Z] [ACCESS] GET /api/admin/all-users - IP: ::1
[2025-10-25T14:58:12.939Z] [ACCESS] GET /api/admin/top-products - IP: ::1
[2025-10-25T14:58:12.989Z] [ACCESS] GET /api/admin/stats - IP: ::1
[2025-10-25T14:58:12.997Z] [ACCESS] GET /api/admin/orders-stats - IP: ::ffff:127.0.0.1
[2025-10-25T14:58:13.002Z] [ACCESS] GET /api/admin/all-users - IP: ::1
[2025-10-25T14:58:13.008Z] [ACCESS] GET /api/admin/top-products - IP: ::1
[2025-10-25T14:58:13.039Z] [ACCESS] GET /api/admin/users-stats - IP: ::ffff:127.0.0.1
[2025-10-25T14:58:17.900Z] [ACCESS] GET /api/cart - IP: ::ffff:127.0.0.1
[2025-10-25T14:58:20.569Z] [ACCESS] GET /api/reviews - IP: ::ffff:127.0.0.1
[2025-10-25T14:58:20.574Z] [ACCESS] GET /api/cake - IP: ::1
[2025-10-25T14:58:20.578Z] [ACCESS] GET /api/cart - IP: ::1
[2025-10-25T14:58:20.599Z] [ACCESS] GET /api/reviews - IP: ::ffff:127.0.0.1
[2025-10-25T14:58:20.603Z] [ACCESS] GET /api/cake - IP: ::1
[2025-10-25T14:58:20.612Z] [ACCESS] GET /api/cart - IP: ::1
[2025-10-25T14:58:20.647Z] [ACCESS] GET /uploads/1761403474353.jpg - IP: ::1
[2025-10-25T14:58:22.454Z] [ACCESS] GET /api/cake - IP: ::1
[2025-10-25T14:58:22.468Z] [ACCESS] GET /api/cake - IP: ::1
[2025-10-25T14:58:22.892Z] [ACCESS] GET /api/cart - IP: ::1
[2025-10-25T14:58:25.952Z] [ACCESS] GET /api/cart - IP: ::1
[2025-10-25T14:58:27.217Z] [ACCESS] GET /api/cart - IP: ::1
[2025-10-25T14:58:27.232Z] [ACCESS] GET /api/user-info - IP: ::1
[2025-10-25T14:58:27.238Z] [ACCESS] GET /api/cart - IP: ::1
[2025-10-25T14:58:27.274Z] [ACCESS] GET /api/user-info - IP: ::1
[2025-10-25T14:58:27.902Z] [ACCESS] GET /api/cart - IP: ::1
[2025-10-25T14:58:28.706Z] [ACCESS] POST /api/order - IP: ::1
[2025-10-25T14:58:32.722Z] [ACCESS] GET /api/user - IP: ::1
[2025-10-25T14:58:32.740Z] [ACCESS] GET /api/user - IP: ::1
[2025-10-25T14:58:32.756Z] [ACCESS] GET /api/user-info - IP: ::1
[2025-10-25T14:58:32.777Z] [ACCESS] GET /api/user-info - IP: ::1
[2025-10-25T14:58:32.907Z] [ACCESS] GET /api/cart - IP: ::1
[2025-10-25T14:58:34.346Z] [ACCESS] GET /api/order/history - IP: ::1
[2025-10-25T14:58:37.893Z] [ACCESS] GET /api/cart - IP: ::1
[2025-10-25T14:58:42.908Z] [ACCESS] GET /api/cart - IP: ::1
[2025-10-25T14:58:47.425Z] [ACCESS] GET /api/reviews - IP: ::1
[2025-10-25T14:58:47.428Z] [ACCESS] GET /api/cake - IP: ::1
[2025-10-25T14:58:47.430Z] [ACCESS] GET /api/cart - IP: ::1
[2025-10-25T14:58:47.448Z] [ACCESS] GET /api/reviews - IP: ::1
[2025-10-25T14:58:47.458Z] [ACCESS] GET /api/cake - IP: ::1
[2025-10-25T14:58:47.461Z] [ACCESS] GET /api/cart - IP: ::1
[2025-10-25T14:58:47.490Z] [ACCESS] GET /uploads/1761403474353.jpg - IP: ::1
[2025-10-25T14:58:47.894Z] [ACCESS] GET /api/cart - IP: ::1
[2025-10-25T14:58:49.477Z] [ACCESS] GET /api/user - IP: ::1
[2025-10-25T14:58:49.492Z] [ACCESS] GET /api/user - IP: ::1
[2025-10-25T14:58:49.504Z] [ACCESS] GET /api/user-info - IP: ::1
[2025-10-25T14:58:49.521Z] [ACCESS] GET /api/user-info - IP: ::1
[2025-10-25T14:58:52.384Z] [ACCESS] GET /api/admin/stats - IP: ::1
[2025-10-25T14:58:52.391Z] [ACCESS] GET /api/admin/orders-stats - IP: ::1
[2025-10-25T14:58:52.395Z] [ACCESS] GET /api/admin/all-users - IP: ::1
[2025-10-25T14:58:52.405Z] [ACCESS] GET /api/admin/users-stats - IP: ::1
[2025-10-25T14:58:52.409Z] [ACCESS] GET /api/admin/top-products - IP: ::1
[2025-10-25T14:58:52.422Z] [ACCESS] GET /api/admin/stats - IP: ::1
[2025-10-25T14:58:52.441Z] [ACCESS] GET /api/admin/all-users - IP: ::1
[2025-10-25T14:58:52.449Z] [ACCESS] GET /api/admin/top-products - IP: ::1
[2025-10-25T14:58:52.458Z] [ACCESS] GET /api/admin/users-stats - IP: ::1
[2025-10-25T14:58:52.467Z] [ACCESS] GET /api/admin/orders-stats - IP: ::1
[2025-10-25T14:58:52.908Z] [ACCESS] GET /api/cart - IP: ::1
[2025-10-25T14:58:57.906Z] [ACCESS] GET /api/cart - IP: ::1
[2025-10-25T14:59:03.275Z] [ACCESS] GET /api/cart - IP: ::1
[2025-10-25T14:59:08.269Z] [ACCESS] GET /api/cart - IP: ::1
[2025-10-25T14:59:12.904Z] [ACCESS] GET /api/cart - IP: ::1
[2025-10-25T14:59:18.266Z] [ACCESS] GET /api/cart - IP: ::1
[2025-10-25T14:59:23.262Z] [ACCESS] GET /api/cart - IP: ::1
[2025-10-25T14:59:28.271Z] [ACCESS] GET /api/cart - IP: ::1
[2025-10-25T14:59:33.263Z] [ACCESS] GET /api/cart - IP: ::1
[2025-10-25T14:59:38.271Z] [ACCESS] GET /api/cart - IP: ::1
[2025-10-25T14:59:43.269Z] [ACCESS] GET /api/cart - IP: ::1
[2025-10-25T14:59:48.273Z] [ACCESS] GET /api/cart - IP: ::1
[2025-10-25T14:59:53.265Z] [ACCESS] GET /api/cart - IP: ::1
[2025-10-25T14:59:58.273Z] [ACCESS] GET /api/cart - IP: ::1
[2025-10-25T15:00:03.263Z] [ACCESS] GET /api/cart - IP: ::1
[2025-10-25T15:00:07.908Z] [ACCESS] GET /api/cart - IP: ::1
[2025-10-25T15:00:09.386Z] [ACCESS] GET /api/admin/all-users - IP: ::1
[2025-10-25T15:00:09.411Z] [ACCESS] GET /api/admin/all-users - IP: ::1
[2025-10-25T15:00:13.280Z] [ACCESS] GET /api/cart - IP: ::1
[2025-10-25T15:00:18.270Z] [ACCESS] GET /api/cart - IP: ::1
[2025-10-25T15:00:23.272Z] [ACCESS] GET /api/cart - IP: ::1
[2025-10-25T15:00:28.272Z] [ACCESS] GET /api/cart - IP: ::1
[2025-10-25T15:00:33.281Z] [ACCESS] GET /api/cart - IP: ::1
[2025-10-25T15:00:38.270Z] [ACCESS] GET /api/cart - IP: ::1
[2025-10-25T15:00:43.263Z] [ACCESS] GET /api/cart - IP: ::1
[2025-10-25T15:00:48.272Z] [ACCESS] GET /api/cart - IP: ::1
[2025-10-25T15:00:53.266Z] [ACCESS] GET /api/cart - IP: ::1
[2025-10-25T15:00:58.268Z] [ACCESS] GET /api/cart - IP: ::1
[2025-10-25T15:01:03.261Z] [ACCESS] GET /api/cart - IP: ::1
[2025-10-25T15:01:04.475Z] [ACCESS] GET /api/admin/all-users - IP: ::1
[2025-10-25T15:01:08.288Z] [ACCESS] GET /api/cart - IP: ::1
[2025-10-25T15:01:17.639Z] [ACCESS] GET /api/admin/all-users - IP: ::1
[2025-10-25T15:01:17.650Z] [ACCESS] GET / - IP: ::1
[2025-10-25T15:01:20.276Z] [ACCESS] GET /api/cart - IP: ::1
[2025-10-25T15:01:39.339Z] [ACCESS] GET /api/cart - IP: ::1
[2025-10-25T15:01:40.847Z] [ACCESS] GET /api/cart - IP: ::1
[2025-10-25T15:01:40.860Z] [ACCESS] GET /api/admin/all-users - IP: ::1
[2025-10-25T15:02:07.846Z] [ACCESS] GET /api/cart - IP: ::1
[2025-10-25T15:02:08.278Z] [ACCESS] GET /api/cake - IP: ::1
[2025-10-25T15:02:10.848Z] [ACCESS] GET /api/cart - IP: ::1
[2025-10-25T15:02:36.859Z] [ACCESS] GET /api/cake - IP: ::1
[2025-10-25T15:02:43.221Z] [ACCESS] GET /api/admin/all-users - IP: ::ffff:127.0.0.1
[2025-10-25T15:02:43.231Z] [ACCESS] GET /api/cart - IP: ::1
[2025-10-25T15:02:43.327Z] [ACCESS] GET /api/admin/all-users - IP: ::ffff:127.0.0.1
[2025-10-25T15:02:43.394Z] [ACCESS] GET /api/cake - IP: ::1
[2025-10-25T15:02:43.401Z] [ACCESS] GET /api/reviews - IP: ::1
[2025-10-25T15:02:43.476Z] [ACCESS] GET /api/cake - IP: ::1
[2025-10-25T15:02:43.488Z] [ACCESS] GET /api/reviews - IP: ::1
[2025-10-25T15:02:43.495Z] [ACCESS] GET /uploads/1761403474353.jpg - IP: ::1
[2025-10-25T15:02:43.510Z] [ACCESS] GET /api/cart - IP: ::1
[2025-10-25T15:02:43.536Z] [ACCESS] GET /api/cart - IP: ::1
[2025-10-25T15:02:45.440Z] [ACCESS] GET /api/admin/all-users - IP: ::1
[2025-10-25T15:02:45.449Z] [ACCESS] GET /api/admin/stats - IP: ::1
[2025-10-25T15:02:45.459Z] [ACCESS] GET /api/admin/orders-stats - IP: ::1
[2025-10-25T15:02:45.461Z] [ACCESS] GET /api/admin/top-products - IP: ::ffff:127.0.0.1
[2025-10-25T15:02:45.465Z] [ACCESS] GET /api/admin/users-stats - IP: ::1
[2025-10-25T15:02:45.497Z] [ACCESS] GET /api/admin/all-users - IP: ::1
[2025-10-25T15:02:45.506Z] [ACCESS] GET /api/admin/orders-stats - IP: ::1
[2025-10-25T15:02:45.515Z] [ACCESS] GET /api/admin/top-products - IP: ::ffff:127.0.0.1
[2025-10-25T15:02:45.532Z] [ACCESS] GET /api/admin/users-stats - IP: ::1
[2025-10-25T15:02:45.537Z] [ACCESS] GET /api/admin/stats - IP: ::1
[2025-10-25T15:02:46.173Z] [ACCESS] GET /api/admin/all-users - IP: ::1
[2025-10-25T15:02:46.193Z] [ACCESS] GET /api/admin/all-users - IP: ::1
[2025-10-25T15:02:48.204Z] [ACCESS] GET /api/cart - IP: ::1
[2025-10-25T15:02:53.276Z] [ACCESS] GET /api/cart - IP: ::1
[2025-10-25T15:02:58.258Z] [ACCESS] GET /api/cart - IP: ::1
[2025-10-25T15:03:03.274Z] [ACCESS] GET /api/cart - IP: ::1
[2025-10-25T15:03:08.261Z] [ACCESS] GET /api/cart - IP: ::1
[2025-10-25T15:03:13.268Z] [ACCESS] GET /api/cart - IP: ::1
[2025-10-25T15:03:18.261Z] [ACCESS] GET /api/cart - IP: ::1
[2025-10-25T15:03:23.279Z] [ACCESS] GET /api/cart - IP: ::1
[2025-10-25T15:03:28.264Z] [ACCESS] GET /api/cart - IP: ::1
[2025-10-25T15:03:33.280Z] [ACCESS] GET /api/cart - IP: ::1
[2025-10-25T15:03:38.265Z] [ACCESS] GET /api/cart - IP: ::1
[2025-10-25T15:03:43.262Z] [ACCESS] GET /api/cart - IP: ::1
[2025-10-25T15:03:48.261Z] [ACCESS] GET /api/cart - IP: ::1
[2025-10-25T15:04:28.686Z] [ACCESS] GET /api/cake - IP: ::1
[2025-10-25T15:04:28.723Z] [ACCESS] GET /api/cake - IP: ::1
[2025-10-25T15:04:31.510Z] [ACCESS] GET /api/reviews - IP: ::1
[2025-10-25T15:04:31.515Z] [ACCESS] GET /api/cake - IP: ::1
[2025-10-25T15:04:31.544Z] [ACCESS] GET /api/reviews - IP: ::1
[2025-10-25T15:04:31.547Z] [ACCESS] GET /api/cake - IP: ::1
[2025-10-25T15:04:31.608Z] [ACCESS] GET /api/cart - IP: ::1
[2025-10-25T15:04:31.630Z] [ACCESS] GET /api/cart - IP: ::1
[2025-10-25T15:04:31.713Z] [ACCESS] GET /uploads/1761403474353.jpg - IP: ::1
[2025-10-25T15:04:31.767Z] [ACCESS] GET /api/cart - IP: ::1
[2025-10-25T15:04:31.780Z] [ACCESS] GET /api/admin/all-users - IP: ::1
[2025-10-25T15:04:31.815Z] [ACCESS] GET /api/admin/all-users - IP: ::1
[2025-10-25T15:04:37.276Z] [ACCESS] GET /api/cart - IP: ::1
[2025-10-25T15:04:37.282Z] [ACCESS] GET /api/cart - IP: ::1
