[2025-10-25T14:51:12.043Z] [RESPONSE] GET /cake - 200 - 10ms
[2025-10-25T14:51:31.610Z] [RESPONSE] GET /reviews - 200 - 87ms
[2025-10-25T14:51:31.616Z] [RESPONSE] GET /cake - 200 - 88ms
[2025-10-25T14:51:31.661Z] [RESPONSE] GET /cart - 401 - 11ms
[2025-10-25T14:51:31.672Z] [RESPONSE] GET /cake - 200 - 6ms
[2025-10-25T14:51:31.681Z] [RESPONSE] GET /reviews - 200 - 6ms
[2025-10-25T14:51:31.693Z] [RESPONSE] GET /cart - 401 - 3ms
[2025-10-25T14:51:31.833Z] [RESPONSE] GET /cart - 200 - 17ms
[2025-10-25T14:51:31.895Z] [RESPONSE] GET /top-products - 500 - 59ms
[2025-10-25T14:51:31.970Z] [RESPONSE] GET /stats - 500 - 129ms
[2025-10-25T14:51:31.991Z] [RESPONSE] GET /recent-orders - 500 - 141ms
[2025-10-25T14:51:32.013Z] [RESPONSE] GET /top-products - 500 - 100ms
[2025-10-25T14:51:32.060Z] [RESPONSE] GET /stats - 500 - 59ms
[2025-10-25T14:51:32.065Z] [RESPONSE] GET /orders-stats - 500 - 212ms
[2025-10-25T14:51:32.070Z] [RESPONSE] GET /users-stats - 200 - 224ms
[2025-10-25T14:51:32.077Z] [RESPONSE] GET /recent-orders - 500 - 68ms
[2025-10-25T14:51:32.093Z] [RESPONSE] GET /orders-stats - 500 - 12ms
[2025-10-25T14:51:32.097Z] [RESPONSE] GET /users-stats - 200 - 9ms
[2025-10-25T14:51:36.814Z] [RESPONSE] GET /cart - 200 - 5ms
[2025-10-25T14:51:37.275Z] [RESPONSE] GET /cart - 401 - 1ms
[2025-10-25T14:51:39.377Z] [RESPONSE] GET /reviews - 200 - 6ms
[2025-10-25T14:51:39.378Z] [RESPONSE] GET /cake - 200 - 4ms
[2025-10-25T14:51:39.383Z] [RESPONSE] GET /cart - 200 - 3ms
[2025-10-25T14:51:39.389Z] [RESPONSE] GET /cake - 200 - 3ms
[2025-10-25T14:51:39.408Z] [RESPONSE] GET /cart - 200 - 4ms
[2025-10-25T14:51:39.414Z] [RESPONSE] GET /reviews - 200 - 4ms
[2025-10-25T14:51:41.178Z] [RESPONSE] GET /stats - 500 - 10ms
[2025-10-25T14:51:41.186Z] [RESPONSE] GET /orders-stats - 500 - 13ms
[2025-10-25T14:51:41.188Z] [RESPONSE] GET /top-products - 500 - 12ms
[2025-10-25T14:51:41.190Z] [RESPONSE] GET /recent-orders - 500 - 10ms
[2025-10-25T14:51:41.196Z] [RESPONSE] GET /users-stats - 200 - 14ms
[2025-10-25T14:51:41.198Z] [RESPONSE] GET /stats - 500 - 5ms
[2025-10-25T14:51:41.208Z] [RESPONSE] GET /orders-stats - 500 - 9ms
[2025-10-25T14:51:41.212Z] [RESPONSE] GET /top-products - 500 - 10ms
[2025-10-25T14:51:41.214Z] [RESPONSE] GET /recent-orders - 500 - 9ms
[2025-10-25T14:51:41.217Z] [RESPONSE] GET /users-stats - 200 - 7ms
[2025-10-25T14:51:41.807Z] [RESPONSE] GET /cart - 200 - 3ms
[2025-10-25T14:51:42.275Z] [RESPONSE] GET /cart - 401 - 1ms
[2025-10-25T14:51:47.265Z] [RESPONSE] GET /cart - 401 - 1ms
[2025-10-25T14:51:47.292Z] [RESPONSE] GET /cart - 200 - 2ms
[2025-10-25T14:51:52.274Z] [RESPONSE] GET /cart - 200 - 4ms
[2025-10-25T14:51:52.281Z] [RESPONSE] GET /cart - 401 - 2ms
[2025-10-25T14:51:57.273Z] [RESPONSE] GET /cart - 401 - 1ms
[2025-10-25T14:51:57.279Z] [RESPONSE] GET /cart - 200 - 3ms
[2025-10-25T14:52:02.264Z] [RESPONSE] GET /cart - 200 - 5ms
[2025-10-25T14:52:02.270Z] [RESPONSE] GET /cart - 401 - 2ms
[2025-10-25T14:52:07.267Z] [RESPONSE] GET /cart - 401 - 1ms
[2025-10-25T14:52:07.272Z] [RESPONSE] GET /cart - 200 - 3ms
[2025-10-25T14:52:12.269Z] [RESPONSE] GET /cart - 200 - 3ms
[2025-10-25T14:52:12.275Z] [RESPONSE] GET /cart - 401 - 1ms
[2025-10-25T14:52:17.274Z] [RESPONSE] GET /cart - 401 - 1ms
[2025-10-25T14:52:17.278Z] [RESPONSE] GET /cart - 200 - 3ms
[2025-10-25T14:52:22.268Z] [RESPONSE] GET /cart - 200 - 3ms
[2025-10-25T14:52:22.271Z] [RESPONSE] GET /cart - 401 - 2ms
[2025-10-25T14:52:27.263Z] [RESPONSE] GET /cart - 401 - 2ms
[2025-10-25T14:52:27.268Z] [RESPONSE] GET /cart - 200 - 3ms
[2025-10-25T14:52:31.807Z] [RESPONSE] GET /cart - 200 - 3ms
[2025-10-25T14:52:32.278Z] [RESPONSE] GET /cart - 401 - 2ms
[2025-10-25T14:52:32.505Z] [RESPONSE] GET /reviews - 200 - 3ms
[2025-10-25T14:52:32.516Z] [RESPONSE] GET /cake - 200 - 6ms
[2025-10-25T14:52:32.526Z] [RESPONSE] GET /reviews - 200 - 8ms
[2025-10-25T14:52:32.528Z] [RESPONSE] GET /cart - 200 - 8ms
[2025-10-25T14:52:32.536Z] [RESPONSE] GET /cake - 200 - 5ms
[2025-10-25T14:52:32.545Z] [RESPONSE] GET /cart - 200 - 5ms
[2025-10-25T14:52:34.082Z] [RESPONSE] POST /cart - 201 - 36ms
[2025-10-25T14:52:36.081Z] [RESPONSE] POST /cart - 201 - 14ms
[2025-10-25T14:52:36.818Z] [RESPONSE] GET /cart - 200 - 5ms
[2025-10-25T14:52:37.276Z] [RESPONSE] GET /cart - 401 - 2ms
[2025-10-25T14:52:37.742Z] [RESPONSE] GET /cart - 200 - 7ms
[2025-10-25T14:52:38.958Z] [RESPONSE] GET /stats - 500 - 29ms
[2025-10-25T14:52:38.964Z] [RESPONSE] GET /orders-stats - 500 - 27ms
[2025-10-25T14:52:38.970Z] [RESPONSE] GET /recent-orders - 500 - 23ms
[2025-10-25T14:52:38.976Z] [RESPONSE] GET /users-stats - 200 - 24ms
[2025-10-25T14:52:38.980Z] [RESPONSE] GET /top-products - 500 - 30ms
[2025-10-25T14:52:39.012Z] [RESPONSE] GET /stats - 500 - 29ms
[2025-10-25T14:52:39.020Z] [RESPONSE] GET /orders-stats - 500 - 31ms
[2025-10-25T14:52:39.027Z] [RESPONSE] GET /top-products - 500 - 22ms
[2025-10-25T14:52:39.031Z] [RESPONSE] GET /users-stats - 200 - 31ms
[2025-10-25T14:52:39.034Z] [RESPONSE] GET /recent-orders - 500 - 40ms
[2025-10-25T14:52:41.821Z] [RESPONSE] GET /cart - 200 - 6ms
[2025-10-25T14:52:42.283Z] [RESPONSE] GET /cart - 401 - 2ms
[2025-10-25T14:52:47.277Z] [RESPONSE] GET /cart - 401 - 2ms
[2025-10-25T14:52:51.981Z] [RESPONSE] POST /register - 201 - 133ms
[2025-10-25T14:52:52.276Z] [RESPONSE] GET /cart - 401 - 2ms
[2025-10-25T14:52:57.288Z] [RESPONSE] GET /cart - 401 - 2ms
[2025-10-25T14:52:58.475Z] [RESPONSE] POST /login - 200 - 108ms
[2025-10-25T14:52:58.531Z] [RESPONSE] GET /cart - 200 - 13ms
[2025-10-25T14:52:58.536Z] [RESPONSE] GET /reviews - 200 - 12ms
[2025-10-25T14:52:58.540Z] [RESPONSE] GET /cake - 200 - 13ms
[2025-10-25T14:52:58.551Z] [RESPONSE] GET /cart - 200 - 8ms
[2025-10-25T14:52:58.560Z] [RESPONSE] GET /reviews - 200 - 6ms
[2025-10-25T14:52:58.565Z] [RESPONSE] GET /cake - 200 - 8ms
[2025-10-25T14:52:58.578Z] [RESPONSE] GET /cart - 200 - 8ms
[2025-10-25T14:53:00.429Z] [RESPONSE] GET /stats - 500 - 25ms
[2025-10-25T14:53:00.433Z] [RESPONSE] GET /orders-stats - 500 - 19ms
[2025-10-25T14:53:00.436Z] [RESPONSE] GET /top-products - 500 - 25ms
[2025-10-25T14:54:52.293Z] [RESPONSE] GET /cart - 401 - 10ms
[2025-10-25T14:54:57.273Z] [RESPONSE] GET /cart - 401 - 4ms
[2025-10-25T14:55:02.279Z] [RESPONSE] GET /cart - 401 - 4ms
[2025-10-25T14:55:02.294Z] [RESPONSE] GET /cake - 200 - 213ms
[2025-10-25T14:55:07.267Z] [RESPONSE] GET /cart - 401 - 2ms
[2025-10-25T14:55:12.276Z] [RESPONSE] GET /cart - 401 - 3ms
[2025-10-25T14:55:13.221Z] [RESPONSE] GET /cart - 401 - 6ms
[2025-10-25T14:55:13.248Z] [RESPONSE] GET /cart - 401 - 4ms
[2025-10-25T14:55:13.424Z] [RESPONSE] GET /reviews - 200 - 253ms
[2025-10-25T14:55:13.429Z] [RESPONSE] GET /cake - 200 - 250ms
[2025-10-25T14:55:13.448Z] [RESPONSE] GET /reviews - 200 - 5ms
[2025-10-25T14:55:13.456Z] [RESPONSE] GET /cake - 200 - 5ms
[2025-10-25T14:55:13.639Z] [RESPONSE] GET /reviews - 200 - 6ms
[2025-10-25T14:55:13.646Z] [RESPONSE] GET /cake - 200 - 4ms
[2025-10-25T14:55:13.680Z] [RESPONSE] GET /reviews - 200 - 15ms
[2025-10-25T14:55:13.683Z] [RESPONSE] GET /cake - 200 - 12ms
[2025-10-25T14:55:13.973Z] [RESPONSE] GET /cart - 200 - 21ms
[2025-10-25T14:55:14.002Z] [RESPONSE] GET /cart - 200 - 11ms
[2025-10-25T14:55:17.297Z] [RESPONSE] GET /cart - 401 - 5ms
[2025-10-25T14:55:18.206Z] [RESPONSE] GET /cart - 401 - 3ms
[2025-10-25T14:55:18.963Z] [RESPONSE] GET /cart - 200 - 11ms
[2025-10-25T14:55:19.014Z] [RESPONSE] GET /stats - 500 - 35ms
[2025-10-25T14:55:19.018Z] [RESPONSE] GET /orders-stats - 500 - 25ms
[2025-10-25T14:55:19.026Z] [RESPONSE] GET /users-stats - 200 - 29ms
[2025-10-25T14:55:19.042Z] [RESPONSE] GET /top-products - 500 - 56ms
[2025-10-25T14:55:19.076Z] [RESPONSE] GET /stats - 500 - 29ms
[2025-10-25T14:55:19.083Z] [RESPONSE] GET /users-stats - 200 - 18ms
[2025-10-25T14:55:19.093Z] [RESPONSE] GET /orders-stats - 500 - 36ms
[2025-10-25T14:55:19.100Z] [RESPONSE] GET /top-products - 500 - 12ms
[2025-10-25T14:55:24.282Z] [RESPONSE] GET /cart - 200 - 9ms
[2025-10-25T14:55:29.276Z] [RESPONSE] GET /cart - 200 - 5ms
[2025-10-25T14:55:34.278Z] [RESPONSE] GET /cart - 200 - 6ms
[2025-10-25T14:55:39.275Z] [RESPONSE] GET /cart - 200 - 4ms
[2025-10-25T14:55:44.274Z] [RESPONSE] GET /cart - 200 - 6ms
[2025-10-25T14:55:49.285Z] [RESPONSE] GET /cart - 200 - 6ms
[2025-10-25T14:55:53.948Z] [RESPONSE] GET /cart - 200 - 5ms
[2025-10-25T14:55:58.956Z] [RESPONSE] GET /cart - 200 - 5ms
[2025-10-25T14:56:04.281Z] [RESPONSE] GET /cart - 200 - 4ms
[2025-10-25T14:56:09.267Z] [RESPONSE] GET /cart - 200 - 5ms
[2025-10-25T14:56:14.281Z] [RESPONSE] GET /cart - 200 - 6ms
[2025-10-25T14:56:19.269Z] [RESPONSE] GET /cart - 200 - 5ms
[2025-10-25T14:56:24.274Z] [RESPONSE] GET /cart - 200 - 5ms
[2025-10-25T14:56:29.267Z] [RESPONSE] GET /cart - 200 - 3ms
[2025-10-25T14:56:33.958Z] [RESPONSE] GET /cart - 200 - 5ms
[2025-10-25T14:56:39.284Z] [RESPONSE] GET /cart - 200 - 5ms
[2025-10-25T14:56:44.265Z] [RESPONSE] GET /cart - 200 - 4ms
[2025-10-25T14:56:49.274Z] [RESPONSE] GET /cart - 200 - 4ms
[2025-10-25T14:56:54.265Z] [RESPONSE] GET /cart - 200 - 5ms
[2025-10-25T14:56:59.278Z] [RESPONSE] GET /cart - 200 - 5ms
[2025-10-25T14:57:04.269Z] [RESPONSE] GET /cart - 200 - 4ms
[2025-10-25T14:57:09.311Z] [RESPONSE] GET /stats - 500 - 38ms
[2025-10-25T14:57:09.316Z] [RESPONSE] GET /top-products - 500 - 34ms
[2025-10-25T14:57:09.324Z] [RESPONSE] GET /cart - 200 - 32ms
[2025-10-25T14:57:09.328Z] [RESPONSE] GET /orders-stats - 500 - 33ms
[2025-10-25T14:57:09.331Z] [RESPONSE] GET /users-stats - 200 - 44ms
[2025-10-25T14:57:14.303Z] [RESPONSE] GET /cart - 200 - 36ms
[2025-10-25T14:57:19.276Z] [RESPONSE] GET /cart - 200 - 5ms
[2025-10-25T14:57:24.279Z] [RESPONSE] GET /cart - 200 - 6ms
[2025-10-25T14:57:29.283Z] [RESPONSE] GET /cart - 200 - 6ms
[2025-10-25T14:57:34.270Z] [RESPONSE] GET /cart - 200 - 5ms
[2025-10-25T14:57:41.436Z] [RESPONSE] GET /cart - 200 - 7ms
[2025-10-25T14:57:43.395Z] [RESPONSE] GET /cart - 200 - 9ms
[2025-10-25T14:57:43.462Z] [RESPONSE] GET /stats - 500 - 37ms
[2025-10-25T14:57:43.470Z] [RESPONSE] GET /top-products - 500 - 32ms
[2025-10-25T14:57:43.486Z] [RESPONSE] GET /orders-stats - 500 - 42ms
[2025-10-25T14:57:43.493Z] [RESPONSE] GET /users-stats - 200 - 59ms
[2025-10-25T14:57:43.502Z] [RESPONSE] GET /stats - 500 - 13ms
[2025-10-25T14:57:43.529Z] [RESPONSE] GET /top-products - 500 - 23ms
[2025-10-25T14:57:43.536Z] [RESPONSE] GET /orders-stats - 500 - 22ms
[2025-10-25T14:57:43.543Z] [RESPONSE] GET /users-stats - 200 - 22ms
[2025-10-25T14:57:45.370Z] [RESPONSE] GET /cake - 200 - 6ms
[2025-10-25T14:57:49.277Z] [RESPONSE] GET /cart - 200 - 6ms
[2025-10-25T14:57:54.879Z] [RESPONSE] GET /cart - 200 - 30ms
[2025-10-25T14:57:59.275Z] [RESPONSE] GET /cart - 200 - 9ms
[2025-10-25T14:58:03.408Z] [RESPONSE] GET /cart - 200 - 7ms
[2025-10-25T14:58:08.412Z] [RESPONSE] GET /cart - 200 - 11ms
[2025-10-25T14:58:12.908Z] [RESPONSE] GET /cart - 200 - 17ms
[2025-10-25T14:58:12.956Z] [RESPONSE] GET /stats - 500 - 35ms
[2025-10-25T14:58:12.962Z] [RESPONSE] GET /orders-stats - 500 - 34ms
[2025-10-25T14:58:12.972Z] [RESPONSE] GET /all-users - 500 - 37ms
[2025-10-25T14:58:12.977Z] [RESPONSE] GET /top-products - 500 - 38ms
[2025-10-25T14:58:12.984Z] [RESPONSE] GET /users-stats - 200 - 52ms
[2025-10-25T14:58:13.018Z] [RESPONSE] GET /stats - 500 - 29ms
[2025-10-25T14:58:13.025Z] [RESPONSE] GET /orders-stats - 500 - 28ms
[2025-10-25T14:58:13.030Z] [RESPONSE] GET /all-users - 500 - 28ms
[2025-10-25T14:58:13.034Z] [RESPONSE] GET /top-products - 500 - 26ms
[2025-10-25T14:58:13.048Z] [RESPONSE] GET /users-stats - 200 - 9ms
[2025-10-25T14:58:17.906Z] [RESPONSE] GET /cart - 200 - 6ms
[2025-10-25T14:58:20.586Z] [RESPONSE] GET /reviews - 200 - 17ms
[2025-10-25T14:58:20.589Z] [RESPONSE] GET /cake - 200 - 15ms
[2025-10-25T14:58:20.594Z] [RESPONSE] GET /cart - 200 - 16ms
[2025-10-25T14:58:20.607Z] [RESPONSE] GET /reviews - 200 - 8ms
[2025-10-25T14:58:20.609Z] [RESPONSE] GET /cake - 200 - 6ms
[2025-10-25T14:58:20.622Z] [RESPONSE] GET /cart - 200 - 10ms
[2025-10-25T14:58:22.456Z] [RESPONSE] GET /cake - 200 - 2ms
[2025-10-25T14:58:22.471Z] [RESPONSE] GET /cake - 200 - 3ms
[2025-10-25T14:58:22.898Z] [RESPONSE] GET /cart - 200 - 6ms
[2025-10-25T14:58:25.957Z] [RESPONSE] GET /cart - 200 - 5ms
[2025-10-25T14:58:27.223Z] [RESPONSE] GET /cart - 200 - 6ms
[2025-10-25T14:58:27.244Z] [RESPONSE] GET /cart - 200 - 6ms
[2025-10-25T14:58:27.258Z] [RESPONSE] GET /user-info - 200 - 26ms
[2025-10-25T14:58:27.279Z] [RESPONSE] GET /user-info - 200 - 5ms
[2025-10-25T14:58:27.908Z] [RESPONSE] GET /cart - 200 - 6ms
[2025-10-25T14:58:28.778Z] [RESPONSE] POST /order - 201 - 72ms
[2025-10-25T14:58:32.726Z] [RESPONSE] GET /user - 200 - 4ms
[2025-10-25T14:58:32.747Z] [RESPONSE] GET /user - 200 - 7ms
[2025-10-25T14:58:32.764Z] [RESPONSE] GET /user-info - 200 - 8ms
[2025-10-25T14:58:32.784Z] [RESPONSE] GET /user-info - 200 - 7ms
[2025-10-25T14:58:32.913Z] [RESPONSE] GET /cart - 200 - 6ms
[2025-10-25T14:58:34.356Z] [RESPONSE] GET /order/history - 200 - 10ms
[2025-10-25T14:58:37.898Z] [RESPONSE] GET /cart - 200 - 5ms
[2025-10-25T14:58:42.912Z] [RESPONSE] GET /cart - 200 - 4ms
[2025-10-25T14:58:47.435Z] [RESPONSE] GET /reviews - 200 - 10ms
[2025-10-25T14:58:47.441Z] [RESPONSE] GET /cake - 200 - 13ms
[2025-10-25T14:58:47.443Z] [RESPONSE] GET /cart - 200 - 13ms
[2025-10-25T14:58:47.452Z] [RESPONSE] GET /reviews - 200 - 4ms
[2025-10-25T14:58:47.472Z] [RESPONSE] GET /cake - 200 - 14ms
[2025-10-25T14:58:47.474Z] [RESPONSE] GET /cart - 200 - 13ms
[2025-10-25T14:58:47.901Z] [RESPONSE] GET /cart - 200 - 7ms
[2025-10-25T14:58:49.482Z] [RESPONSE] GET /user - 200 - 5ms
[2025-10-25T14:58:49.496Z] [RESPONSE] GET /user - 200 - 4ms
[2025-10-25T14:58:49.510Z] [RESPONSE] GET /user-info - 200 - 6ms
[2025-10-25T14:58:49.528Z] [RESPONSE] GET /user-info - 200 - 7ms
[2025-10-25T14:58:52.401Z] [RESPONSE] GET /stats - 500 - 17ms
[2025-10-25T14:58:52.412Z] [RESPONSE] GET /orders-stats - 500 - 21ms
[2025-10-25T14:58:52.417Z] [RESPONSE] GET /all-users - 500 - 22ms
[2025-10-25T14:58:52.428Z] [RESPONSE] GET /top-products - 500 - 19ms
[2025-10-25T14:58:52.434Z] [RESPONSE] GET /stats - 500 - 12ms
[2025-10-25T14:58:52.438Z] [RESPONSE] GET /users-stats - 200 - 33ms
[2025-10-25T14:58:52.455Z] [RESPONSE] GET /all-users - 500 - 14ms
[2025-10-25T14:58:52.464Z] [RESPONSE] GET /top-products - 500 - 15ms
[2025-10-25T14:58:52.474Z] [RESPONSE] GET /orders-stats - 500 - 7ms
[2025-10-25T14:58:52.477Z] [RESPONSE] GET /users-stats - 200 - 19ms
[2025-10-25T14:58:52.916Z] [RESPONSE] GET /cart - 200 - 7ms
[2025-10-25T14:58:57.911Z] [RESPONSE] GET /cart - 200 - 5ms
[2025-10-25T14:59:03.278Z] [RESPONSE] GET /cart - 200 - 3ms
[2025-10-25T14:59:08.272Z] [RESPONSE] GET /cart - 200 - 3ms
[2025-10-25T14:59:12.907Z] [RESPONSE] GET /cart - 200 - 3ms
[2025-10-25T14:59:18.269Z] [RESPONSE] GET /cart - 200 - 3ms
[2025-10-25T14:59:23.266Z] [RESPONSE] GET /cart - 200 - 4ms
[2025-10-25T14:59:28.275Z] [RESPONSE] GET /cart - 200 - 4ms
[2025-10-25T14:59:33.268Z] [RESPONSE] GET /cart - 200 - 5ms
[2025-10-25T14:59:38.277Z] [RESPONSE] GET /cart - 200 - 6ms
[2025-10-25T14:59:43.275Z] [RESPONSE] GET /cart - 200 - 6ms
[2025-10-25T14:59:48.279Z] [RESPONSE] GET /cart - 200 - 6ms
[2025-10-25T14:59:53.270Z] [RESPONSE] GET /cart - 200 - 5ms
[2025-10-25T14:59:58.278Z] [RESPONSE] GET /cart - 200 - 5ms
[2025-10-25T15:00:03.270Z] [RESPONSE] GET /cart - 200 - 7ms
[2025-10-25T15:00:07.913Z] [RESPONSE] GET /cart - 200 - 5ms
[2025-10-25T15:00:09.394Z] [RESPONSE] GET /all-users - 500 - 8ms
[2025-10-25T15:00:09.416Z] [RESPONSE] GET /all-users - 500 - 5ms
[2025-10-25T15:00:13.286Z] [RESPONSE] GET /cart - 200 - 6ms
[2025-10-25T15:00:18.275Z] [RESPONSE] GET /cart - 200 - 5ms
[2025-10-25T15:00:23.276Z] [RESPONSE] GET /cart - 200 - 4ms
[2025-10-25T15:00:28.275Z] [RESPONSE] GET /cart - 200 - 3ms
[2025-10-25T15:00:33.289Z] [RESPONSE] GET /cart - 200 - 8ms
[2025-10-25T15:00:38.275Z] [RESPONSE] GET /cart - 200 - 6ms
[2025-10-25T15:00:43.267Z] [RESPONSE] GET /cart - 200 - 4ms
[2025-10-25T15:00:48.274Z] [RESPONSE] GET /cart - 200 - 2ms
[2025-10-25T15:00:53.270Z] [RESPONSE] GET /cart - 200 - 4ms
[2025-10-25T15:00:58.270Z] [RESPONSE] GET /cart - 200 - 2ms
[2025-10-25T15:01:03.266Z] [RESPONSE] GET /cart - 200 - 5ms
[2025-10-25T15:01:04.476Z] [RESPONSE] GET /all-users - 401 - 1ms
[2025-10-25T15:01:08.292Z] [RESPONSE] GET /cart - 200 - 4ms
[2025-10-25T15:01:17.639Z] [RESPONSE] GET /all-users - 401 - 0ms
[2025-10-25T15:01:17.651Z] [RESPONSE] GET / - 200 - 1ms
[2025-10-25T15:01:20.528Z] [RESPONSE] GET /cart - 200 - 252ms
[2025-10-25T15:01:39.406Z] [RESPONSE] GET /cart - 200 - 67ms
[2025-10-25T15:01:40.853Z] [RESPONSE] GET /cart - 200 - 6ms
[2025-10-25T15:01:40.868Z] [RESPONSE] GET /all-users - 500 - 8ms
[2025-10-25T15:02:07.872Z] [RESPONSE] GET /cart - 200 - 26ms
[2025-10-25T15:02:08.283Z] [RESPONSE] GET /cake - 200 - 5ms
[2025-10-25T15:02:10.852Z] [RESPONSE] GET /cart - 200 - 5ms
[2025-10-25T15:02:36.915Z] [RESPONSE] GET /cake - 200 - 56ms
[2025-10-25T15:02:43.243Z] [RESPONSE] GET /cart - 200 - 12ms
[2025-10-25T15:02:43.263Z] [RESPONSE] GET /all-users - 500 - 42ms
[2025-10-25T15:02:43.339Z] [RESPONSE] GET /all-users - 500 - 12ms
[2025-10-25T15:02:43.435Z] [RESPONSE] GET /cake - 200 - 41ms
[2025-10-25T15:02:43.441Z] [RESPONSE] GET /reviews - 200 - 39ms
[2025-10-25T15:02:43.507Z] [RESPONSE] GET /cake - 200 - 31ms
[2025-10-25T15:02:43.513Z] [RESPONSE] GET /cart - 401 - 3ms
[2025-10-25T15:02:43.519Z] [RESPONSE] GET /reviews - 200 - 31ms
[2025-10-25T15:02:43.539Z] [RESPONSE] GET /cart - 401 - 3ms
[2025-10-25T15:02:45.475Z] [RESPONSE] GET /all-users - 500 - 35ms
[2025-10-25T15:02:45.479Z] [RESPONSE] GET /orders-stats - 500 - 20ms
[2025-10-25T15:02:45.483Z] [RESPONSE] GET /top-products - 500 - 22ms
[2025-10-25T15:02:45.492Z] [RESPONSE] GET /stats - 500 - 43ms
[2025-10-25T15:02:45.495Z] [RESPONSE] GET /users-stats - 200 - 30ms
[2025-10-25T15:02:45.529Z] [RESPONSE] GET /all-users - 500 - 32ms
[2025-10-25T15:02:45.542Z] [RESPONSE] GET /orders-stats - 500 - 36ms
[2025-10-25T15:02:45.545Z] [RESPONSE] GET /top-products - 500 - 30ms
[2025-10-25T15:02:45.549Z] [RESPONSE] GET /stats - 500 - 12ms
[2025-10-25T15:02:45.554Z] [RESPONSE] GET /users-stats - 200 - 22ms
[2025-10-25T15:02:46.180Z] [RESPONSE] GET /all-users - 500 - 7ms
[2025-10-25T15:02:46.199Z] [RESPONSE] GET /all-users - 500 - 6ms
[2025-10-25T15:02:48.209Z] [RESPONSE] GET /cart - 200 - 5ms
[2025-10-25T15:02:53.279Z] [RESPONSE] GET /cart - 200 - 3ms
[2025-10-25T15:02:58.261Z] [RESPONSE] GET /cart - 200 - 3ms
[2025-10-25T15:03:03.278Z] [RESPONSE] GET /cart - 200 - 4ms
[2025-10-25T15:03:08.263Z] [RESPONSE] GET /cart - 200 - 2ms
[2025-10-25T15:03:13.272Z] [RESPONSE] GET /cart - 200 - 4ms
[2025-10-25T15:03:18.264Z] [RESPONSE] GET /cart - 200 - 3ms
[2025-10-25T15:03:23.282Z] [RESPONSE] GET /cart - 200 - 3ms
[2025-10-25T15:03:28.267Z] [RESPONSE] GET /cart - 200 - 3ms
[2025-10-25T15:03:33.291Z] [RESPONSE] GET /cart - 200 - 11ms
[2025-10-25T15:03:38.269Z] [RESPONSE] GET /cart - 200 - 4ms
[2025-10-25T15:03:43.264Z] [RESPONSE] GET /cart - 200 - 2ms
[2025-10-25T15:03:48.265Z] [RESPONSE] GET /cart - 200 - 4ms
[2025-10-25T15:04:28.697Z] [RESPONSE] GET /cake - 200 - 11ms
[2025-10-25T15:04:28.728Z] [RESPONSE] GET /cake - 200 - 6ms
[2025-10-25T15:04:31.519Z] [RESPONSE] GET /reviews - 200 - 9ms
[2025-10-25T15:04:31.522Z] [RESPONSE] GET /cake - 200 - 7ms
[2025-10-25T15:04:31.550Z] [RESPONSE] GET /reviews - 200 - 6ms
[2025-10-25T15:04:31.553Z] [RESPONSE] GET /cake - 200 - 6ms
[2025-10-25T15:04:31.613Z] [RESPONSE] GET /cart - 401 - 5ms
[2025-10-25T15:04:31.632Z] [RESPONSE] GET /cart - 401 - 2ms
[2025-10-25T15:04:31.788Z] [RESPONSE] GET /cart - 200 - 21ms
[2025-10-25T15:04:31.796Z] [RESPONSE] GET /all-users - 200 - 16ms
[2025-10-25T15:04:31.824Z] [RESPONSE] GET /all-users - 200 - 9ms
[2025-10-25T15:04:37.284Z] [RESPONSE] GET /cart - 401 - 2ms
[2025-10-25T15:04:37.285Z] [RESPONSE] GET /cart - 200 - 9ms
